<?xml version="1.0" encoding="UTF-8"?>
<!-- Generated by org.testng.reporters.JUnitReportReporter -->
<testsuite hostname="DESKTOP-SM1TQTB" failures="0" tests="2" name="Extent1.report.AppTest$testNGRunner" time="32.217" errors="0" timestamp="2023-12-02T22:24:14 IST" skipped="0">
  <testcase classname="Extent1.report.AppTest$testNGRunner" name="runScenario" time="11.831"/>
  <system-out/>
  <testcase classname="Extent1.report.AppTest$testNGRunner" name="runScenario" time="20.386"/>
  <system-out/>
</testsuite> <!-- Extent1.report.AppTest$testNGRunner -->
