<?xml version="1.0" encoding="UTF-8"?>
<!-- Generated by org.testng.reporters.JUnitReportReporter -->
<testsuite hostname="DESKTOP-SM1TQTB" failures="0" tests="2" name="runner.testNGRunner" time="31.234" errors="0" timestamp="2023-12-02T21:22:44 IST" skipped="0">
  <testcase classname="runner.testNGRunner" name="runScenario" time="10.841"/>
  <system-out/>
  <testcase classname="runner.testNGRunner" name="runScenario" time="20.393"/>
  <system-out/>
</testsuite> <!-- runner.testNGRunner -->
