<?xml version="1.0" encoding="UTF-8"?>
<!-- Generated by org.testng.reporters.JUnitReportReporter -->
<testsuite hostname="DESKTOP-SM1TQTB" failures="0" tests="2" name="Extent1.report.App$testNGRunner" time="33.895" errors="0" timestamp="2023-12-03T09:05:47 IST" skipped="0">
  <testcase classname="Extent1.report.App$testNGRunner" name="runScenario" time="11.607"/>
  <system-out/>
  <testcase classname="Extent1.report.App$testNGRunner" name="runScenario" time="22.288"/>
  <system-out/>
</testsuite> <!-- Extent1.report.App$testNGRunner -->
